<?xml version="1.0" encoding="UTF-8"?>
<!-- Generated by org.testng.reporters.JUnitReportReporter -->
<testsuite hostname="Rafia" failures="0" tests="1" name="com.project.extra.RegisterTest" time="0.009" errors="0" timestamp="2023-04-06T07:02:03 EDT" skipped="0">
  <testcase classname="com.project.extra.RegisterTest" name="registerUser" time="0.009"/>
  <system-out/>
</testsuite> <!-- com.project.extra.RegisterTest -->
