<?xml version="1.0" encoding="UTF-8"?>
<!-- Generated by org.testng.reporters.JUnitReportReporter -->
<testsuite hostname="Rafia" failures="0" tests="1" name="com.project.extra.SearchProductTest" time="0.001" errors="0" timestamp="2023-04-06T07:02:03 EDT" skipped="0">
  <testcase classname="com.project.extra.SearchProductTest" name="searchProductUser" time="0.001"/>
  <system-out/>
</testsuite> <!-- com.project.extra.SearchProductTest -->
