<?xml version="1.0" encoding="UTF-8"?>
<!-- Generated by org.testng.reporters.JUnitReportReporter -->
<testsuite skipped="1" hostname="Rafia" name="com.project.extra.LogoutTest" tests="2" failures="0" timestamp="07 Apr 2023 13:42:18 GMT" time="0.000" errors="0">
  <testcase name="logoutUser" time="0.000" classname="com.project.extra.LogoutTest"/>
  <testcase name="failing" classname="com.project.extra.LogoutTest">
    <skipped/>
  </testcase> <!-- failing -->
</testsuite> <!-- com.project.extra.LogoutTest -->
