<?xml version="1.0" encoding="UTF-8"?>
<!-- Generated by org.testng.reporters.JUnitReportReporter -->
<testsuite skipped="0" hostname="Rafia" name="com.project.extra.RegisterTest" tests="1" failures="0" timestamp="07 Apr 2023 13:42:18 GMT" time="0.005" errors="0">
  <testcase name="registerUser" time="0.005" classname="com.project.extra.RegisterTest"/>
</testsuite> <!-- com.project.extra.RegisterTest -->
