<?xml version="1.0" encoding="UTF-8"?>
<!-- Generated by org.testng.reporters.JUnitReportReporter -->
<testsuite skipped="0" hostname="Rafia" name="com.project.extra.LoginTest" tests="1" failures="0" timestamp="07 Apr 2023 13:42:18 GMT" time="0.001" errors="0">
  <testcase name="loginUser" time="0.001" classname="com.project.extra.LoginTest"/>
</testsuite> <!-- com.project.extra.LoginTest -->
